[DEVICE] Using GPU: NVIDIA GeForce GTX 1080
[AMP] Mixed precision training enabled (saves VRAM, speeds up training)

===========================================
  Arch: MobileNetV3  |  Patch: 48px  |  Epochs: 30
  Batch: 64  |  LR: 0.001  |  Workers: 2
  Sampling: sqrt  |  Subset: 30%%
  Patch Dir: D:\Codes\Data\Gomrade\dataset1\patches
  Output Dir: D:\Codes\WeiqiBoardDetect\WeiqiBoardDetect-main\training\checkpoints
===========================================

[DATA] Loading dataset...
  [SUBSET] Taking first 59,868 samples (30%%) (Quick iteration mode)
  [train] Total=59,868  B=4,144  W=3,958  E=51,766
  [val  ] Total=37,417  B=2,662  W=2,546  E=32,209
  [test ] Total=12,472  B=810  W=873  E=10,789
[MODEL] MobileNetV3-Small (Pretrained) — Params: 1,520,931

[TRAIN] Starting training for 30 epochs...

  * [  1/30] Train 0.6274/0.5141  Val 0.5465/0.5740  LR=9.97e-04  415s  ETA=200m31s
  * NEW BEST: val_acc=0.5465 -> saved to best_model.pt
  * [  2/30] Train 0.7023/0.3884  Val 0.6598/0.5048  LR=9.89e-04  174s  ETA=137m22s
  * NEW BEST: val_acc=0.6598 -> saved to best_model.pt
  * [  3/30] Train 0.7381/0.3272  Val 0.6975/0.3921  LR=9.76e-04  126s  ETA=107m14s
  * NEW BEST: val_acc=0.6975 -> saved to best_model.pt
  * [  4/30] Train 0.7651/0.2776  Val 0.7366/0.3591  LR=9.57e-04  105s  ETA=88m47s
  * NEW BEST: val_acc=0.7366 -> saved to best_model.pt
    [  5/30] Train 0.7819/0.2517  Val 0.6937/0.3737  LR=9.33e-04  98s  ETA=76m27s
  * [  6/30] Train 0.7955/0.2299  Val 0.7753/0.3102  LR=9.05e-04  120s  ETA=69m11s
  * NEW BEST: val_acc=0.7753 -> saved to best_model.pt
  * [  7/30] Train 0.8106/0.2122  Val 0.7930/0.3025  LR=8.72e-04  108s  ETA=62m46s
  * NEW BEST: val_acc=0.7930 -> saved to best_model.pt
  * [  8/30] Train 0.8283/0.1914  Val 0.8057/0.2847  LR=8.35e-04  93s  ETA=56m49s
  * NEW BEST: val_acc=0.8057 -> saved to best_model.pt
    [  9/30] Train 0.8342/0.1820  Val 0.7758/0.2928  LR=7.94e-04  89s  ETA=51m40s
    [ 10/30] Train 0.8356/0.1834  Val 0.7968/0.2813  LR=7.50e-04  90s  ETA=47m17s
    [ 11/30] Train 0.8561/0.1492  Val 0.8045/0.2619  LR=7.03e-04  89s  ETA=43m24s
  * [ 12/30] Train 0.8639/0.1412  Val 0.8271/0.2363  LR=6.55e-04  89s  ETA=39m55s
  * NEW BEST: val_acc=0.8271 -> saved to best_model.pt
    [ 13/30] Train 0.8701/0.1301  Val 0.8243/0.2523  LR=6.04e-04  89s  ETA=36m44s
  * [ 14/30] Train 0.8783/0.1252  Val 0.8403/0.2134  LR=5.52e-04  89s  ETA=33m49s
  * NEW BEST: val_acc=0.8403 -> saved to best_model.pt
  * [ 15/30] Train 0.8816/0.1175  Val 0.8564/0.2007  LR=5.00e-04  90s  ETA=31m05s
  * NEW BEST: val_acc=0.8564 -> saved to best_model.pt
    [ 16/30] Train 0.8885/0.1124  Val 0.8447/0.2119  LR=4.48e-04  89s  ETA=28m30s
  * [ 17/30] Train 0.8955/0.1019  Val 0.8605/0.2015  LR=3.96e-04  89s  ETA=26m02s
  * NEW BEST: val_acc=0.8605 -> saved to best_model.pt
  * [ 18/30] Train 0.8971/0.0966  Val 0.8784/0.1979  LR=3.45e-04  92s  ETA=23m43s
  * NEW BEST: val_acc=0.8784 -> saved to best_model.pt
    [ 19/30] Train 0.8989/0.0943  Val 0.8745/0.1864  LR=2.97e-04  91s  ETA=21m28s
  * [ 20/30] Train 0.9064/0.0847  Val 0.8831/0.1853  LR=2.50e-04  89s  ETA=19m17s
  * NEW BEST: val_acc=0.8831 -> saved to best_model.pt
    [ 21/30] Train 0.9088/0.0818  Val 0.8807/0.1873  LR=2.06e-04  88s  ETA=17m10s
  * [ 22/30] Train 0.9127/0.0761  Val 0.8889/0.1780  LR=1.65e-04  89s  ETA=15m06s
  * NEW BEST: val_acc=0.8889 -> saved to best_model.pt
  * [ 23/30] Train 0.9140/0.0738  Val 0.8893/0.1777  LR=1.28e-04  90s  ETA=13m06s
  * NEW BEST: val_acc=0.8893 -> saved to best_model.pt
  * [ 24/30] Train 0.9186/0.0692  Val 0.8927/0.1803  LR=9.55e-05  89s  ETA=11m08s
  * NEW BEST: val_acc=0.8927 -> saved to best_model.pt
  * [ 25/30] Train 0.9184/0.0688  Val 0.8949/0.1800  LR=6.70e-05  89s  ETA=9m12s
  * NEW BEST: val_acc=0.8949 -> saved to best_model.pt
  * [ 26/30] Train 0.9206/0.0667  Val 0.8977/0.1829  LR=4.32e-05  89s  ETA=7m18s
  * NEW BEST: val_acc=0.8977 -> saved to best_model.pt
    [ 27/30] Train 0.9238/0.0631  Val 0.8976/0.1771  LR=2.45e-05  94s  ETA=5m27s
  * [ 28/30] Train 0.9246/0.0622  Val 0.8992/0.1789  LR=1.09e-05  89s  ETA=3m36s
  * NEW BEST: val_acc=0.8992 -> saved to best_model.pt
  * [ 29/30] Train 0.9240/0.0607  Val 0.8992/0.1779  LR=2.74e-06  89s  ETA=1m47s
  * NEW BEST: val_acc=0.8992 -> saved to best_model.pt
  * [ 30/30] Train 0.9241/0.0616  Val 0.8993/0.1771  LR=0.00e+00  89s  ETA=--
  * NEW BEST: val_acc=0.8993 -> saved to best_model.pt

[DONE] Training took 53.5 minutes
  Best Validation Accuracy: 0.8993 (89.93%%)

[EVAL] Loading best model, evaluating on test set...
  Test Accuracy: 0.8985 (89.85%%)
  [SAVE] Training curve -> D:\Codes\WeiqiBoardDetect\WeiqiBoardDetect-main\training\checkpoints/training_curve.png
  [SAVE] Confusion matrix -> D:\Codes\WeiqiBoardDetect\WeiqiBoardDetect-main\training\checkpoints/confusion_matrix.png

  Classification Report:
              precision    recall  f1-score   support

           B       0.78      0.94      0.85       810
           W       0.46      0.97      0.62       873
           E       1.00      0.89      0.94     10789

    accuracy                           0.90     12472
   macro avg       0.74      0.93      0.80     12472
weighted avg       0.94      0.90      0.91     12472


[EXPORT] Exporting ONNX model (for mobile deployment)...
  [OK] ONNX export successful: D:\Codes\WeiqiBoardDetect\WeiqiBoardDetect-main\training\checkpoints\stone_classifier.onnx

+------------------------------------------+
|  Training Complete! Output Files         |
+------------------------------------------+
  D:\Codes\WeiqiBoardDetect\WeiqiBoardDetect-main\training\checkpoints/
    best_model.pt          <- Best model weights (PyTorch)
    latest_model.pt        <- Latest checkpoint (for resuming)
    stone_classifier.onnx  <- ONNX model (for mobile)
    training_curve.png     <- Training curve plot
    confusion_matrix.png   <- Confusion matrix (test set)
    classification_report.txt <- Precision/Recall per class
    training_summary.json  <- Training summary JSON
