[DEVICE] Using GPU: NVIDIA GeForce GTX 1080
[AMP] Mixed precision training enabled (saves VRAM, speeds up training)

===========================================
  Arch: StoneCNN  |  Patch: 48px  |  Epochs: 30
  Batch: 64  |  LR: 0.001  |  Workers: 4
  Sampling: equal  |  Subset: 10%%
  Patch Dir: D:\Codes\Data\Gomrade\dataset1\patches
  Output Dir: D:\Codes\WeiqiBoardDetect\WeiqiBoardDetect-main\training\checkpoints
===========================================

[DATA] Loading dataset...
  [SUBSET] Taking first 19,956 samples (10%%) (Quick iteration mode)
  [train] Total=19,956  B=1,370  W=1,293  E=17,293
  [val  ] Total=37,417  B=2,662  W=2,546  E=32,209
  [test ] Total=12,472  B=810  W=873  E=10,789
[MODEL] StoneCNN — Params: 312,867

[TRAIN] Starting training for 30 epochs...

  * [  1/30] Train 0.5260/0.5768  Val 0.1116/1.0229  LR=9.97e-04  919s  ETA=444m21s
  * NEW BEST: val_acc=0.1116 -> saved to best_model.pt
    [  2/30] Train 0.5372/0.5481  Val 0.1106/1.0532  LR=9.89e-04  120s  ETA=242m32s
  * [  3/30] Train 0.5378/0.5345  Val 0.1119/1.0206  LR=9.76e-04  99s  ETA=170m43s
  * NEW BEST: val_acc=0.1119 -> saved to best_model.pt
  * [  4/30] Train 0.5387/0.5214  Val 0.1119/1.6225  LR=9.57e-04  86s  ETA=132m36s
  * NEW BEST: val_acc=0.1119 -> saved to best_model.pt
    [  5/30] Train 0.5369/0.5019  Val 0.1116/0.9518  LR=9.33e-04  83s  ETA=108m56s
  * [  6/30] Train 0.5406/0.4901  Val 0.1123/0.8860  LR=9.05e-04  76s  ETA=92m15s
  * NEW BEST: val_acc=0.1123 -> saved to best_model.pt
    [  7/30] Train 0.5383/0.4842  Val 0.1120/1.4294  LR=8.72e-04  76s  ETA=79m55s
  * [  8/30] Train 0.5470/0.4692  Val 0.1137/0.9561  LR=8.35e-04  75s  ETA=70m19s
  * NEW BEST: val_acc=0.1137 -> saved to best_model.pt
    [  9/30] Train 0.5420/0.4778  Val 0.1132/0.9349  LR=7.94e-04  74s  ETA=62m33s
    [ 10/30] Train 0.5477/0.4701  Val 0.1125/1.6367  LR=7.50e-04  73s  ETA=56m03s
    [ 11/30] Train 0.5472/0.4641  Val 0.1129/1.0520  LR=7.03e-04  73s  ETA=50m31s
    [ 12/30] Train 0.5496/0.4565  Val 0.1125/0.9261  LR=6.55e-04  74s  ETA=45m43s
  * [ 13/30] Train 0.5428/0.4645  Val 0.1142/0.8969  LR=6.04e-04  74s  ETA=41m28s
  * NEW BEST: val_acc=0.1142 -> saved to best_model.pt
  * [ 14/30] Train 0.5523/0.4492  Val 0.1153/0.8720  LR=5.52e-04  74s  ETA=37m40s
  * NEW BEST: val_acc=0.1153 -> saved to best_model.pt
  * [ 15/30] Train 0.5515/0.4394  Val 0.1154/0.8546  LR=5.00e-04  73s  ETA=34m10s
  * NEW BEST: val_acc=0.1154 -> saved to best_model.pt
  * [ 16/30] Train 0.5550/0.4404  Val 0.1170/0.8688  LR=4.48e-04  73s  ETA=30m57s
  * NEW BEST: val_acc=0.1170 -> saved to best_model.pt
    [ 17/30] Train 0.5522/0.4387  Val 0.1152/1.0765  LR=3.96e-04  73s  ETA=27m59s
  * [ 18/30] Train 0.5642/0.4317  Val 0.1181/0.9004  LR=3.45e-04  74s  ETA=25m13s
  * NEW BEST: val_acc=0.1181 -> saved to best_model.pt
    [ 19/30] Train 0.5612/0.4353  Val 0.1170/0.8700  LR=2.97e-04  73s  ETA=22m36s
    [ 20/30] Train 0.5627/0.4266  Val 0.1171/0.9361  LR=2.50e-04  75s  ETA=20m08s
    [ 21/30] Train 0.5695/0.4244  Val 0.1167/0.8911  LR=2.06e-04  73s  ETA=17m47s
    [ 22/30] Train 0.5667/0.4172  Val 0.1164/0.8967  LR=1.65e-04  73s  ETA=15m32s
    [ 23/30] Train 0.5585/0.4205  Val 0.1170/0.8816  LR=1.28e-04  72s  ETA=13m22s
    [ 24/30] Train 0.5619/0.4155  Val 0.1171/0.8876  LR=9.55e-05  74s  ETA=11m17s
    [ 25/30] Train 0.5654/0.4111  Val 0.1174/0.8715  LR=6.70e-05  74s  ETA=9m16s
    [ 26/30] Train 0.5646/0.4143  Val 0.1176/0.8658  LR=4.32e-05  73s  ETA=7m19s
    [ 27/30] Train 0.5571/0.4112  Val 0.1180/0.8547  LR=2.45e-05  73s  ETA=5m25s
    [ 28/30] Train 0.5692/0.4065  Val 0.1176/0.8643  LR=1.09e-05  73s  ETA=3m34s
  * [ 29/30] Train 0.5686/0.4031  Val 0.1182/0.8572  LR=2.74e-06  75s  ETA=1m46s
  * NEW BEST: val_acc=0.1182 -> saved to best_model.pt
    [ 30/30] Train 0.5683/0.4069  Val 0.1178/0.8645  LR=0.00e+00  73s  ETA=--

[DONE] Training took 52.5 minutes
  Best Validation Accuracy: 0.1182 (11.82%%)

[EVAL] Loading best model, evaluating on test set...
  Test Accuracy: 0.1146 (11.46%%)
  [SAVE] Training curve -> D:\Codes\WeiqiBoardDetect\WeiqiBoardDetect-main\training\checkpoints/training_curve.png
  [SAVE] Confusion matrix -> D:\Codes\WeiqiBoardDetect\WeiqiBoardDetect-main\training\checkpoints/confusion_matrix.png

  Classification Report:
              precision    recall  f1-score   support

           B       0.26      0.81      0.39       810
           W       0.08      0.89      0.14       873
           E       0.00      0.00      0.00     10789

    accuracy                           0.11     12472
   macro avg       0.11      0.57      0.18     12472
weighted avg       0.02      0.11      0.04     12472


[EXPORT] Exporting ONNX model (for mobile deployment)...
  [WARN] ONNX export failed: Module onnx is not installed!

+------------------------------------------+
|  Training Complete! Output Files         |
+------------------------------------------+
  D:\Codes\WeiqiBoardDetect\WeiqiBoardDetect-main\training\checkpoints/
    best_model.pt          <- Best model weights (PyTorch)
    latest_model.pt        <- Latest checkpoint (for resuming)
    stone_classifier.onnx  <- ONNX model (for mobile)
    training_curve.png     <- Training curve plot
    confusion_matrix.png   <- Confusion matrix (test set)
    classification_report.txt <- Precision/Recall per class
    training_summary.json  <- Training summary JSON
