[DEVICE] Using CPU (8 cores)

===========================================
  Arch: MobileNetV3  |  Patch: 48px  |  Epochs: 1
  Batch: 64  |  LR: 0.001  |  Workers: 2
  Sampling: sqrt  |  Subset: 1%%
  Patch Dirs: ['D:\\Codes\\Data\\Gomrade\\dataset1\\patches', 'D:\\Codes\\Data\\Gomrade\\dataset2\\patches']
  Output Dir: D:\Codes\WeiqiBoardDetect\WeiqiBoardDetect-main\training\checkpoints
===========================================

[DATA] Loading dataset...
  [SUBSET] Taking random 4,754 samples from 25 sessions
  [train] Sessions=25/30  Total=4,754  B=626  W=597  E=3,531
  [val  ] Sessions=4/30  Total=102,885  B=16,374  W=16,103  E=70,408
  [test ] Sessions=1/30  Total=74,366  B=12,156  W=11,747  E=50,463
[MODEL] MobileNetV3-Small (Pretrained) — Params: 1,520,931

[TRAIN] Starting training for 1 epochs...

  * [  1/1] Train 0.5812/0.9417  Val 0.6819/0.8268  LR=0.00e+00  185s  ETA=--
  * NEW BEST: val_acc=0.6819 -> saved to best_model.pt

[DONE] Training took 3.1 minutes
  Best Validation Accuracy: 0.6819 (68.19%%)

[EVAL] Loading best model, evaluating on test set...
  Test Accuracy: 0.6726 (67.26%%)
  [SAVE] Training curve -> D:\Codes\WeiqiBoardDetect\WeiqiBoardDetect-main\training\checkpoints/training_curve.png
  [SAVE] Confusion matrix -> D:\Codes\WeiqiBoardDetect\WeiqiBoardDetect-main\training\checkpoints/confusion_matrix.png

  Classification Report:
              precision    recall  f1-score   support

           B       0.12      0.00      0.00     12156
           W       0.32      0.08      0.13     11747
           E       0.69      0.97      0.81     50463

    accuracy                           0.67     74366
   macro avg       0.38      0.35      0.31     74366
weighted avg       0.54      0.67      0.57     74366


[EXPORT] Exporting ONNX model (for mobile deployment)...
  [WARN] ONNX export failed: No module named 'onnxscript'

+------------------------------------------+
|  Training Complete! Output Files         |
+------------------------------------------+
  D:\Codes\WeiqiBoardDetect\WeiqiBoardDetect-main\training\checkpoints/
    best_model.pt          <- Best model weights (PyTorch)
    latest_model.pt        <- Latest checkpoint (for resuming)
    stone_classifier.onnx  <- ONNX model (for mobile)
    training_curve.png     <- Training curve plot
    confusion_matrix.png   <- Confusion matrix (test set)
    classification_report.txt <- Precision/Recall per class
    training_summary.json  <- Training summary JSON
