[DEVICE] Using CPU (8 cores)

===========================================
  Arch: MobileNetV3  |  Patch: 48px  |  Epochs: 100
  Batch: 64  |  LR: 0.001  |  Workers: 2
  Sampling: sqrt  |  Subset: 100%%
  Patch Dirs: ['D:\\Codes\\Data\\Gomrade\\dataset1\\patches', 'D:\\Codes\\Data\\Gomrade\\dataset2\\patches']
  Output Dir: D:\Codes\WeiqiBoardDetect\WeiqiBoardDetect-main\training\checkpoints
===========================================

[DATA] Loading dataset...
  [train] Sessions=25/30  Total=475,437  B=59,293  W=56,855  E=359,289
  [val  ] Sessions=4/30  Total=102,885  B=16,374  W=16,103  E=70,408
  [test ] Sessions=1/30  Total=74,366  B=12,156  W=11,747  E=50,463
[MODEL] MobileNetV3-Small (Pretrained) — Params: 1,520,931
[RESUME] Resuming from epoch 2, best val_acc=0.6819

[TRAIN] Starting training for 100 epochs...

    [  2/100] Train 0.5917/0.8651  Val 0.4621/0.9793  LR=1.00e-03  2307s  ETA=1883m55s
    [  3/100] Train 0.7183/0.6437  Val 0.4907/1.4270  LR=0.00e+00  1847s  ETA=2238m13s
    [  4/100] Train 0.7740/0.5308  Val 0.6670/1.0630  LR=1.00e-03  3555s  ETA=3083m33s
    [  5/100] Train 0.7991/0.4780  Val 0.6638/1.3701  LR=0.00e+00  1577s  ETA=2940m29s
    [  6/100] Train 0.8000/0.4460  Val 0.6636/1.2649  LR=1.00e-03  1478s  ETA=2810m35s
    [  7/100] Train 0.8288/0.4108  Val 0.6663/1.3654  LR=0.00e+00  1558s  ETA=2728m21s
    [  8/100] Train 0.8420/0.3807  Val 0.6669/1.4105  LR=1.00e-03  1450s  ETA=2639m36s
    [  9/100] Train 0.8438/0.3759  Val 0.6744/1.4131  LR=0.00e+00  1432s  ETA=2562m04s
    [ 10/100] Train 0.8506/0.3590  Val 0.6721/1.4366  LR=1.00e-03  1554s  ETA=2513m39s
    [ 11/100] Train 0.8539/0.3515  Val 0.6731/1.4802  LR=0.00e+00  1477s  ETA=2458m58s
    [ 12/100] Train 0.8572/0.3443  Val 0.6692/1.5006  LR=1.00e-03  1467s  ETA=2408m03s
    [ 13/100] Train 0.8592/0.3387  Val 0.6723/1.5047  LR=0.00e+00  1468s  ETA=2361m15s
    [ 14/100] Train 0.8605/0.3295  Val 0.6728/1.5249  LR=1.00e-03  1459s  ETA=2316m43s
    [ 15/100] Train 0.8644/0.3244  Val 0.6716/1.3137  LR=0.00e+00  1477s  ETA=2276m37s
    [ 16/100] Train 0.8678/0.3158  Val 0.6696/1.3525  LR=1.00e-03  1445s  ETA=2235m37s
    [ 17/100] Train 0.8687/0.3136  Val 0.6747/1.4731  LR=0.00e+00  1453s  ETA=2197m20s
    [ 18/100] Train 0.8663/0.3189  Val 0.6763/1.4649  LR=1.00e-03  1481s  ETA=2162m44s
    [ 19/100] Train 0.8723/0.3057  Val 0.6741/1.7356  LR=0.00e+00  1450s  ETA=2126m58s
    [ 20/100] Train 0.8762/0.2969  Val 0.6734/1.6225  LR=1.00e-03  1444s  ETA=2091m57s
    [ 21/100] Train 0.8754/0.2980  Val 0.6731/1.7081  LR=0.00e+00  1491s  ETA=2060m56s
    [ 22/100] Train 0.8781/0.2916  Val 0.6729/1.5750  LR=1.00e-03  2121s  ETA=2067m41s
    [ 23/100] Train 0.8770/0.2935  Val 0.6741/1.5560  LR=0.00e+00  2311s  ETA=2081m23s
    [ 24/100] Train 0.8784/0.2911  Val 0.6724/1.5493  LR=1.00e-03  1854s  ETA=2066m37s
    [ 25/100] Train 0.8796/0.2882  Val 0.6780/1.7072  LR=0.00e+00  1551s  ETA=2035m23s
    [ 26/100] Train 0.8805/0.2867  Val 0.6768/1.6639  LR=1.00e-03  1455s  ETA=2000m01s
    [ 27/100] Train 0.8820/0.2825  Val 0.6736/1.6354  LR=0.00e+00  1506s  ETA=1967m47s
    [ 28/100] Train 0.8829/0.2828  Val 0.6731/1.6389  LR=1.00e-03  1489s  ETA=1935m19s
    [ 29/100] Train 0.8826/0.2800  Val 0.6776/1.7332  LR=0.00e+00  1460s  ETA=1902m11s
    [ 30/100] Train 0.8851/0.2745  Val 0.6757/1.7083  LR=1.00e-03  1449s  ETA=1869m15s
    [ 31/100] Train 0.8846/0.2754  Val 0.6715/1.6185  LR=0.00e+00  1456s  ETA=1837m08s
    [ 32/100] Train 0.8861/0.2718  Val 0.6708/1.6309  LR=1.00e-03  1464s  ETA=1805m46s
    [ 33/100] Train 0.8848/0.2731  Val 0.6641/1.5471  LR=0.00e+00  1553s  ETA=1777m50s
    [ 34/100] Train 0.8836/0.2767  Val 0.6669/1.5472  LR=1.00e-03  1549s  ETA=1749m54s
    [ 35/100] Train 0.8873/0.2677  Val 0.6609/1.6598  LR=0.00e+00  1540s  ETA=1721m50s
    [ 36/100] Train 0.8866/0.2701  Val 0.6647/1.6681  LR=1.00e-03  1575s  ETA=1694m55s
    [ 37/100] Train 0.8872/0.2690  Val 0.6748/1.6578  LR=0.00e+00  2288s  ETA=1688m17s
    [ 38/100] Train 0.8883/0.2643  Val 0.6737/1.6364  LR=1.00e-03  1933s  ETA=1670m19s
    [ 39/100] Train 0.8895/0.2635  Val 0.6740/1.7470  LR=0.00e+00  1611s  ETA=1643m15s
    [ 40/100] Train 0.8882/0.2665  Val 0.6754/1.7533  LR=1.00e-03  1487s  ETA=1613m05s
    [ 41/100] Train 0.8890/0.2638  Val 0.6737/1.6010  LR=0.00e+00  1504s  ETA=1583m34s
