[DEVICE] Using GPU: NVIDIA GeForce GTX 1080
[AMP] Mixed precision training enabled (saves VRAM, speeds up training)

===========================================
  Arch: MobileNetV3  |  Patch: 48px  |  Epochs: 30
  Batch: 64  |  LR: 0.001  |  Workers: 4
  Sampling: sqrt  |  Subset: 10%%
  Patch Dir: D:\Codes\Data\Gomrade\dataset1\patches
  Output Dir: D:\Codes\WeiqiBoardDetect\WeiqiBoardDetect-main\training\checkpoints
===========================================

[DATA] Loading dataset...
  [SUBSET] Taking first 19,956 samples (10%%) (Quick iteration mode)
  [train] Total=19,956  B=1,370  W=1,293  E=17,293
  [val  ] Total=37,417  B=2,662  W=2,546  E=32,209
  [test ] Total=12,472  B=810  W=873  E=10,789
[MODEL] MobileNetV3-Small (Pretrained) — Params: 1,520,931

[TRAIN] Starting training for 30 epochs...

  * [  1/30] Train 0.5659/0.6058  Val 0.5286/0.6323  LR=9.97e-04  652s  ETA=315m02s
  * NEW BEST: val_acc=0.5286 -> saved to best_model.pt
    [  2/30] Train 0.6307/0.4982  Val 0.4632/0.6264  LR=9.89e-04  85s  ETA=171m51s
  * [  3/30] Train 0.6647/0.4569  Val 0.6447/0.5492  LR=9.76e-04  63s  ETA=119m55s
  * NEW BEST: val_acc=0.6447 -> saved to best_model.pt
  * [  4/30] Train 0.6900/0.4067  Val 0.7042/0.4866  LR=9.57e-04  54s  ETA=92m25s
  * NEW BEST: val_acc=0.7042 -> saved to best_model.pt
    [  5/30] Train 0.6953/0.3877  Val 0.6415/0.5405  LR=9.33e-04  50s  ETA=75m17s
    [  6/30] Train 0.7314/0.3266  Val 0.6853/0.4591  LR=9.05e-04  49s  ETA=63m30s
  * [  7/30] Train 0.7481/0.2968  Val 0.7324/0.4850  LR=8.72e-04  48s  ETA=54m48s
  * NEW BEST: val_acc=0.7324 -> saved to best_model.pt
  * [  8/30] Train 0.7504/0.2845  Val 0.7378/0.4109  LR=8.35e-04  48s  ETA=48m03s
  * NEW BEST: val_acc=0.7378 -> saved to best_model.pt
    [  9/30] Train 0.7740/0.2641  Val 0.7186/0.4021  LR=7.94e-04  48s  ETA=42m38s
  * [ 10/30] Train 0.7790/0.2465  Val 0.7534/0.3892  LR=7.50e-04  48s  ETA=38m09s
  * NEW BEST: val_acc=0.7534 -> saved to best_model.pt
    [ 11/30] Train 0.7950/0.2279  Val 0.7140/0.4232  LR=7.03e-04  48s  ETA=34m20s
  * [ 12/30] Train 0.8075/0.2041  Val 0.7619/0.3838  LR=6.55e-04  48s  ETA=31m00s
  * NEW BEST: val_acc=0.7619 -> saved to best_model.pt
    [ 13/30] Train 0.8121/0.1999  Val 0.7576/0.3849  LR=6.04e-04  48s  ETA=28m04s
    [ 14/30] Train 0.8196/0.1927  Val 0.7092/0.4150  LR=5.52e-04  48s  ETA=25m26s
    [ 15/30] Train 0.8353/0.1709  Val 0.7553/0.3858  LR=5.00e-04  48s  ETA=23m03s
  * [ 16/30] Train 0.8404/0.1645  Val 0.7840/0.3543  LR=4.48e-04  48s  ETA=20m52s
  * NEW BEST: val_acc=0.7840 -> saved to best_model.pt
  * [ 17/30] Train 0.8554/0.1471  Val 0.7980/0.3548  LR=3.96e-04  48s  ETA=18m51s
  * NEW BEST: val_acc=0.7980 -> saved to best_model.pt
    [ 18/30] Train 0.8570/0.1393  Val 0.7933/0.3434  LR=3.45e-04  49s  ETA=16m59s
  * [ 19/30] Train 0.8652/0.1401  Val 0.8117/0.3344  LR=2.97e-04  48s  ETA=15m12s
  * NEW BEST: val_acc=0.8117 -> saved to best_model.pt
  * [ 20/30] Train 0.8686/0.1278  Val 0.8213/0.3351  LR=2.50e-04  48s  ETA=13m32s
  * NEW BEST: val_acc=0.8213 -> saved to best_model.pt
  * [ 21/30] Train 0.8788/0.1186  Val 0.9012/0.3216  LR=2.06e-04  56s  ETA=12m00s
  * NEW BEST: val_acc=0.9012 -> saved to best_model.pt
    [ 22/30] Train 0.8840/0.1143  Val 0.8343/0.3343  LR=1.65e-04  75s  ETA=10m38s
    [ 23/30] Train 0.8882/0.1015  Val 0.8430/0.3340  LR=1.28e-04  68s  ETA=9m14s
    [ 24/30] Train 0.8919/0.1038  Val 0.8458/0.3422  LR=9.55e-05  54s  ETA=7m49s
    [ 25/30] Train 0.8923/0.0962  Val 0.8523/0.3400  LR=6.70e-05  48s  ETA=6m25s
    [ 26/30] Train 0.8945/0.0956  Val 0.8503/0.3390  LR=4.32e-05  48s  ETA=5m03s
    [ 27/30] Train 0.8972/0.0877  Val 0.8556/0.3424  LR=2.45e-05  47s  ETA=3m44s
    [ 28/30] Train 0.8997/0.0880  Val 0.8553/0.3404  LR=1.09e-05  48s  ETA=2m27s
    [ 29/30] Train 0.9010/0.0892  Val 0.8569/0.3418  LR=2.74e-06  47s  ETA=1m12s
    [ 30/30] Train 0.9000/0.0885  Val 0.8573/0.3418  LR=0.00e+00  47s  ETA=--

[DONE] Training took 36.1 minutes
  Best Validation Accuracy: 0.9012 (90.12%%)

[EVAL] Loading best model, evaluating on test set...
  Test Accuracy: 0.9047 (90.47%%)
  [SAVE] Training curve -> D:\Codes\WeiqiBoardDetect\WeiqiBoardDetect-main\training\checkpoints/training_curve.png
  [SAVE] Confusion matrix -> D:\Codes\WeiqiBoardDetect\WeiqiBoardDetect-main\training\checkpoints/confusion_matrix.png

  Classification Report:
              precision    recall  f1-score   support

           B       0.57      0.91      0.70       810
           W       0.60      0.91      0.73       873
           E       0.99      0.90      0.94     10789

    accuracy                           0.90     12472
   macro avg       0.72      0.91      0.79     12472
weighted avg       0.93      0.90      0.91     12472


[EXPORT] Exporting ONNX model (for mobile deployment)...
  [WARN] ONNX export failed: Module onnx is not installed!

+------------------------------------------+
|  Training Complete! Output Files         |
+------------------------------------------+
  D:\Codes\WeiqiBoardDetect\WeiqiBoardDetect-main\training\checkpoints/
    best_model.pt          <- Best model weights (PyTorch)
    latest_model.pt        <- Latest checkpoint (for resuming)
    stone_classifier.onnx  <- ONNX model (for mobile)
    training_curve.png     <- Training curve plot
    confusion_matrix.png   <- Confusion matrix (test set)
    classification_report.txt <- Precision/Recall per class
    training_summary.json  <- Training summary JSON
