[DEVICE] Using GPU: NVIDIA GeForce GTX 1080
[AMP] Mixed precision training enabled (saves VRAM, speeds up training)

===========================================
  Arch: MobileNetV3  |  Patch: 48px  |  Epochs: 30
  Batch: 64  |  LR: 0.001  |  Workers: 4
  Sampling: sqrt  |  Subset: 10%%
  Patch Dir: D:\Codes\Data\Gomrade\dataset1\patches
  Output Dir: D:\Codes\WeiqiBoardDetect\WeiqiBoardDetect-main\training\checkpoints
===========================================

[DATA] Loading dataset...
  [SUBSET] Taking first 19,956 samples (10%%) (Quick iteration mode)
  [train] Total=19,956  B=1,370  W=1,293  E=17,293
  [val  ] Total=37,417  B=2,662  W=2,546  E=32,209
  [test ] Total=12,472  B=810  W=873  E=10,789
[MODEL] MobileNetV3-Small (Pretrained) — Params: 1,520,931

[TRAIN] Starting training for 30 epochs...

  * [  1/30] Train 0.5665/0.6000  Val 0.6209/0.6293  LR=9.97e-04  112s  ETA=54m13s
  * NEW BEST: val_acc=0.6209 -> saved to best_model.pt
  * [  2/30] Train 0.6313/0.4950  Val 0.6281/0.6278  LR=9.89e-04  56s  ETA=39m19s
  * NEW BEST: val_acc=0.6281 -> saved to best_model.pt
    [  3/30] Train 0.6603/0.4526  Val 0.6271/0.5735  LR=9.76e-04  56s  ETA=33m41s
  * [  4/30] Train 0.6859/0.4007  Val 0.6794/0.5101  LR=9.57e-04  55s  ETA=30m17s
  * NEW BEST: val_acc=0.6794 -> saved to best_model.pt
    [  5/30] Train 0.7046/0.3727  Val 0.6569/0.4923  LR=9.33e-04  57s  ETA=28m01s
    [  6/30] Train 0.7383/0.3130  Val 0.6687/0.4699  LR=9.05e-04  55s  ETA=26m04s
    [  7/30] Train 0.7484/0.2952  Val 0.6222/0.5388  LR=8.72e-04  54s  ETA=24m22s
  * [  8/30] Train 0.7515/0.2834  Val 0.7039/0.4485  LR=8.35e-04  54s  ETA=22m52s
  * NEW BEST: val_acc=0.7039 -> saved to best_model.pt
    [  9/30] Train 0.7693/0.2709  Val 0.6848/0.4499  LR=7.94e-04  54s  ETA=21m30s
  * [ 10/30] Train 0.7849/0.2512  Val 0.7139/0.4664  LR=7.50e-04  53s  ETA=20m12s
  * NEW BEST: val_acc=0.7139 -> saved to best_model.pt
    [ 11/30] Train 0.7949/0.2320  Val 0.6647/0.4857  LR=7.03e-04  54s  ETA=19m00s
  * [ 12/30] Train 0.8075/0.2096  Val 0.7590/0.3796  LR=6.55e-04  54s  ETA=17m50s
  * NEW BEST: val_acc=0.7590 -> saved to best_model.pt
  * [ 13/30] Train 0.8161/0.1980  Val 0.7760/0.3802  LR=6.04e-04  54s  ETA=16m44s
  * NEW BEST: val_acc=0.7760 -> saved to best_model.pt
    [ 14/30] Train 0.8217/0.1914  Val 0.6888/0.4326  LR=5.52e-04  54s  ETA=15m39s
  * [ 15/30] Train 0.8335/0.1757  Val 0.8021/0.3307  LR=5.00e-04  54s  ETA=14m36s
  * NEW BEST: val_acc=0.8021 -> saved to best_model.pt
    [ 16/30] Train 0.8437/0.1672  Val 0.7958/0.3509  LR=4.48e-04  54s  ETA=13m34s
  * [ 17/30] Train 0.8575/0.1524  Val 0.8103/0.3298  LR=3.96e-04  54s  ETA=12m32s
  * NEW BEST: val_acc=0.8103 -> saved to best_model.pt
    [ 18/30] Train 0.8544/0.1453  Val 0.7912/0.3514  LR=3.45e-04  53s  ETA=11m31s
  * [ 19/30] Train 0.8701/0.1375  Val 0.8143/0.3308  LR=2.97e-04  55s  ETA=10m32s
  * NEW BEST: val_acc=0.8143 -> saved to best_model.pt
  * [ 20/30] Train 0.8762/0.1249  Val 0.8323/0.3251  LR=2.50e-04  55s  ETA=9m34s
  * NEW BEST: val_acc=0.8323 -> saved to best_model.pt
  * [ 21/30] Train 0.8797/0.1181  Val 0.8395/0.3212  LR=2.06e-04  54s  ETA=8m35s
  * NEW BEST: val_acc=0.8395 -> saved to best_model.pt
  * [ 22/30] Train 0.8880/0.1148  Val 0.8444/0.3286  LR=1.65e-04  54s  ETA=7m36s
  * NEW BEST: val_acc=0.8444 -> saved to best_model.pt
    [ 23/30] Train 0.8933/0.1008  Val 0.8426/0.3267  LR=1.28e-04  55s  ETA=6m39s
  * [ 24/30] Train 0.8905/0.1061  Val 0.8468/0.3343  LR=9.55e-05  55s  ETA=5m41s
  * NEW BEST: val_acc=0.8468 -> saved to best_model.pt
  * [ 25/30] Train 0.8910/0.1008  Val 0.8527/0.3268  LR=6.70e-05  54s  ETA=4m44s
  * NEW BEST: val_acc=0.8527 -> saved to best_model.pt
  * [ 26/30] Train 0.8965/0.0967  Val 0.9128/0.3265  LR=4.32e-05  54s  ETA=3m46s
